        -:    0:Source:Graph.cpp
        -:    1:#include "Graph.h"
        -:    2:#include <stdexcept>
        -:    3:
        -:    4:// Constructor
function _ZN5GraphC2Ei called 18 returned 100% blocks executed 44%
       36:    5:Graph::Graph(int n) : numVertices(n), adjacencyList(n) {
call    0 returned 18
branch  1 taken 18 (fallthrough)
branch  2 taken 0 (throw)
call    3 never executed
       18:    6:    if (n < 0) {
branch  0 taken 0 (fallthrough)
branch  1 taken 18
    #####:    7:        throw std::invalid_argument("Number of vertices must be non-negative.");
call    0 never executed
call    1 never executed
branch  2 never executed (fallthrough)
branch  3 never executed (throw)
call    4 never executed
call    5 never executed
        -:    8:    }
       18:    9:}
call    0 never executed
        -:   10:
        -:   11:// Vertex bounds checker
function _ZNK5Graph14validateVertexEi called 140 returned 100% blocks executed 50%
      140:   12:void Graph::validateVertex(int v) const {
      140:   13:    if (v < 0 || v >= numVertices) {
branch  0 taken 140 (fallthrough)
branch  1 taken 0
branch  2 taken 0 (fallthrough)
branch  3 taken 140
    #####:   14:        throw std::out_of_range("Vertex index out of bounds.");
call    0 never executed
call    1 never executed
branch  2 never executed (fallthrough)
branch  3 never executed (throw)
call    4 never executed
call    5 never executed
        -:   15:    }
      140:   16:}
        -:   17:
        -:   18:// Get number of vertices
function _ZNK5Graph1VEv called 28 returned 100% blocks executed 100%
       28:   19:int Graph::V() const {
       28:   20:    return numVertices;
        -:   21:}
        -:   22:
        -:   23:// Add an undirected edge
function _ZN5Graph7addEdgeEii called 70 returned 100% blocks executed 69%
       70:   24:void Graph::addEdge(int u, int v) {
       70:   25:    validateVertex(u);
call    0 returned 70
       70:   26:    validateVertex(v);
call    0 returned 70
       70:   27:    if (u == v) {
branch  0 taken 0 (fallthrough)
branch  1 taken 70
    #####:   28:        throw std::invalid_argument("Self-loops are not supported in this version.");
call    0 never executed
call    1 never executed
branch  2 never executed (fallthrough)
branch  3 never executed (throw)
call    4 never executed
call    5 never executed
        -:   29:    }
       70:   30:    adjacencyList[u].push_back(v);
call    0 returned 70
call    1 returned 70
       70:   31:    adjacencyList[v].push_back(u);
call    0 returned 70
call    1 returned 70
       70:   32:}
        -:   33:
        -:   34:// Add a directed edge
function _ZN5Graph15addDirectedEdgeEii called 0 returned 0% blocks executed 0%
    #####:   35:void Graph::addDirectedEdge(int u, int v) {
    #####:   36:    validateVertex(u);
call    0 never executed
    #####:   37:    validateVertex(v);
call    0 never executed
    #####:   38:    adjacencyList[u].push_back(v);
call    0 never executed
call    1 never executed
    #####:   39:}
        -:   40:
        -:   41:// Return raw pointer for compatibility with `vector<int> adj[]`
function _ZN5Graph3rawEv called 0 returned 0% blocks executed 0%
    #####:   42:std::vector<int>* Graph::raw() {
    #####:   43:    return adjacencyList.data();
call    0 never executed
        -:   44:}
        -:   45:
function _ZNK5Graph3rawEv called 20 returned 100% blocks executed 100%
       20:   46:const std::vector<int>* Graph::raw() const {
       20:   47:    return adjacencyList.data();
call    0 returned 20
        -:   48:}
        -:   49:
        -:   50:// Get degree of a vertex
function _ZNK5Graph6degreeEi called 0 returned 0% blocks executed 0%
    #####:   51:int Graph::degree(int v) const {
    #####:   52:    validateVertex(v);
call    0 never executed
    #####:   53:    return static_cast<int>(adjacencyList[v].size());
call    0 never executed
call    1 never executed
        -:   54:}
        -:   55:
function _ZNK5Graph6getAdjEi called 0 returned 0% blocks executed 0%
    #####:   56:const std::vector<int>& Graph::getAdj(int u) const {
    #####:   57:    validateVertex(u);
call    0 never executed
    #####:   58:    return adjacencyList[u];
call    0 never executed
        -:   59:}
        -:   60:
        -:   61:// Remove all edges
function _ZN5Graph5clearEv called 0 returned 0% blocks executed 0%
    #####:   62:void Graph::clear() {
    #####:   63:    for (auto& vec : adjacencyList) {
call    0 never executed
call    1 never executed
call    2 never executed
call    3 never executed
call    4 never executed
branch  5 never executed
branch  6 never executed (fallthrough)
    #####:   64:        vec.clear();
call    0 never executed
        -:   65:    }
    #####:   66:}
